<unknown>:0: error: symbol '_T04test12InternalInitVMa' (type metadata accessor for test.InternalInit) is in generated IR file, but not in TBD file
<unknown>:0: error: symbol '_T04test12InternalInitVMn' (nominal type descriptor for test.InternalInit) is in generated IR file, but not in TBD file
<unknown>:0: error: symbol '_T04test12InternalInitVN' (type metadata for test.InternalInit) is in generated IR file, but not in TBD file
<unknown>:0: error: symbol '_T04test12InternalInitVWV' (value witness table for test.InternalInit) is in generated IR file, but not in TBD file
<unknown>:0: error: symbol '_T04test15InternalMethodsVMa' (type metadata accessor for test.InternalMethods) is in generated IR file, but not in TBD file
<unknown>:0: error: symbol '_T04test15InternalMethodsVMn' (nominal type descriptor for test.InternalMethods) is in generated IR file, but not in TBD file
<unknown>:0: error: symbol '_T04test15InternalMethodsVN' (type metadata for test.InternalMethods) is in generated IR file, but not in TBD file
<unknown>:0: error: symbol '_T04test15InternalMethodsVWV' (value witness table for test.InternalMethods) is in generated IR file, but not in TBD file
<unknown>:0: error: symbol '_T04test15InternalNothingVMa' (type metadata accessor for test.InternalNothing) is in generated IR file, but not in TBD file
<unknown>:0: error: symbol '_T04test15InternalNothingVMn' (nominal type descriptor for test.InternalNothing) is in generated IR file, but not in TBD file
<unknown>:0: error: symbol '_T04test15InternalNothingVN' (type metadata for test.InternalNothing) is in generated IR file, but not in TBD file
<unknown>:0: error: symbol '_T04test15InternalNothingVWV' (value witness table for test.InternalNothing) is in generated IR file, but not in TBD file
<unknown>:0: error: symbol '_T04test15InternalStaticsV11internalLetSivZ' (static test.InternalStatics.internalLet : Swift.Int) is in generated IR file, but not in TBD file
<unknown>:0: error: symbol '_T04test15InternalStaticsV11internalVarSivZ' (static test.InternalStatics.internalVar : Swift.Int) is in generated IR file, but not in TBD file
<unknown>:0: error: symbol '_T04test15InternalStaticsVMa' (type metadata accessor for test.InternalStatics) is in generated IR file, but not in TBD file
<unknown>:0: error: symbol '_T04test15InternalStaticsVMn' (nominal type descriptor for test.InternalStatics) is in generated IR file, but not in TBD file
<unknown>:0: error: symbol '_T04test15InternalStaticsVN' (type metadata for test.InternalStatics) is in generated IR file, but not in TBD file
<unknown>:0: error: symbol '_T04test15InternalStaticsVWV' (value witness table for test.InternalStatics) is in generated IR file, but not in TBD file
<unknown>:0: error: symbol '_T04test16PublicPropertiesV9publicLetSivfi' (test.PublicProperties.(publicLet : Swift.Int).(variable initialization expression)) is in generated IR file, but not in TBD file
<unknown>:0: error: symbol '_T04test16PublicPropertiesV9publicVarSivfi' (test.PublicProperties.(publicVar : Swift.Int).(variable initialization expression)) is in generated IR file, but not in TBD file
<unknown>:0: error: symbol '_T04test18InternalPropertiesVMa' (type metadata accessor for test.InternalProperties) is in generated IR file, but not in TBD file
<unknown>:0: error: symbol '_T04test18InternalPropertiesVMn' (nominal type descriptor for test.InternalProperties) is in generated IR file, but not in TBD file
<unknown>:0: error: symbol '_T04test18InternalPropertiesVN' (type metadata for test.InternalProperties) is in generated IR file, but not in TBD file
<unknown>:0: error: symbol '_T04test18InternalPropertiesVWV' (value witness table for test.InternalProperties) is in generated IR file, but not in TBD file
<unknown>:0: error: symbol '_T04test13PublicStaticsV15publicVarGetSetSifmZ' (static test.PublicStatics.publicVarGetSet.materializeForSet : Swift.Int) is in TBD file, but not in generated IR
<unknown>:0: error: symbol '_T04test13PublicStaticsV9publicLetSifgZ' (static test.PublicStatics.publicLet.getter : Swift.Int) is in TBD file, but not in generated IR
<unknown>:0: error: symbol '_T04test13PublicStaticsV9publicVarSifgZ' (static test.PublicStatics.publicVar.getter : Swift.Int) is in TBD file, but not in generated IR
<unknown>:0: error: symbol '_T04test13PublicStaticsV9publicVarSifmZ' (static test.PublicStatics.publicVar.materializeForSet : Swift.Int) is in TBD file, but not in generated IR
<unknown>:0: error: symbol '_T04test13PublicStaticsV9publicVarSifsZ' (static test.PublicStatics.publicVar.setter : Swift.Int) is in TBD file, but not in generated IR
<unknown>:0: error: symbol '_T04test16PublicPropertiesV15publicVarGetSetSifm' (test.PublicProperties.publicVarGetSet.materializeForSet : Swift.Int) is in TBD file, but not in generated IR
<unknown>:0: error: symbol '_T04test16PublicPropertiesV9publicLetSifg' (test.PublicProperties.publicLet.getter : Swift.Int) is in TBD file, but not in generated IR
<unknown>:0: error: symbol '_T04test16PublicPropertiesV9publicVarSifg' (test.PublicProperties.publicVar.getter : Swift.Int) is in TBD file, but not in generated IR
<unknown>:0: error: symbol '_T04test16PublicPropertiesV9publicVarSifm' (test.PublicProperties.publicVar.materializeForSet : Swift.Int) is in TBD file, but not in generated IR
<unknown>:0: error: symbol '_T04test16PublicPropertiesV9publicVarSifs' (test.PublicProperties.publicVar.setter : Swift.Int) is in TBD file, but not in generated IR
